\BOOKMARK [0][-]{chapter.1}{Introduction}{}% 1
\BOOKMARK [1][-]{section.1.1}{What are fake news?}{chapter.1}% 2
\BOOKMARK [2][-]{subsection.1.1.1}{Definition}{section.1.1}% 3
\BOOKMARK [2][-]{subsection.1.1.2}{Fake News Characterization}{section.1.1}% 4
\BOOKMARK [1][-]{section.1.2}{Feature Extraction}{chapter.1}% 5
\BOOKMARK [2][-]{subsection.1.2.1}{News Content Features}{section.1.2}% 6
\BOOKMARK [2][-]{subsection.1.2.2}{Social Context Features}{section.1.2}% 7
\BOOKMARK [1][-]{section.1.3}{News Content Models}{chapter.1}% 8
\BOOKMARK [2][-]{subsection.1.3.1}{Knowledge-based models}{section.1.3}% 9
\BOOKMARK [2][-]{subsection.1.3.2}{Style-based model}{section.1.3}% 10
\BOOKMARK [1][-]{section.1.4}{Social Context Models}{chapter.1}% 11
\BOOKMARK [1][-]{section.1.5}{Datasets}{chapter.1}% 12
\BOOKMARK [2][-]{subsection.1.5.1}{Fake News Corpus}{section.1.5}% 13
\BOOKMARK [2][-]{subsection.1.5.2}{Fake News Net}{section.1.5}% 14
\BOOKMARK [2][-]{subsection.1.5.3}{Liar, Liar Pants on Fire}{section.1.5}% 15
\BOOKMARK [1][-]{section.1.6}{State of the Art}{chapter.1}% 16
\BOOKMARK [1][-]{section.1.7}{Conclusion}{chapter.1}% 17
\BOOKMARK [0][-]{chapter.2}{Data Exploration}{}% 18
\BOOKMARK [1][-]{section.2.1}{Introduction}{chapter.2}% 19
\BOOKMARK [1][-]{section.2.2}{Dataset statistics}{chapter.2}% 20
\BOOKMARK [2][-]{subsection.2.2.1}{Fake News Corpus}{section.2.2}% 21
\BOOKMARK [2][-]{subsection.2.2.2}{Liar-Liar corpus}{section.2.2}% 22
